\BOOKMARK [1][-]{section*.1}{\376\377\000A\000b\000r\000i\000r\000\040\000d\000a\000t\000o\000s}{}% 1
\BOOKMARK [2][-]{section*.2}{\376\377\000C\000a\000r\000g\000a\000r\000\040\000d\000a\000t\000o\000s}{section*.1}% 2
\BOOKMARK [2][-]{section*.3}{\376\377\000I\000n\000s\000p\000e\000c\000c\000i\000o\000n\000a\000r\000\040\000d\000a\000t\000o\000s}{section*.1}% 3
\BOOKMARK [1][-]{section*.4}{\376\377\000C\000a\000n\000t\000i\000d\000a\000d\000\040\000d\000e\000\040\000c\000a\000s\000o\000s\000\040\000p\000o\000r\000\040\000c\000l\000u\000s\000t\000e\000r}{}% 4
\BOOKMARK [2][-]{section*.5}{\376\377\000C\000a\000n\000t\000i\000d\000a\000d\000\040\000d\000e\000\040\000c\000a\000s\000o\000s\000\040\000p\000o\000r\000\040\000p\000a\000\355\000s}{section*.4}% 5
\BOOKMARK [2][-]{section*.6}{\376\377\000G\000r\000\341\000f\000i\000c\000o\000\040\000d\000e\000\040\000c\000a\000n\000t\000i\000d\000a\000d\000\040\000d\000e\000\040\000c\000a\000s\000o\000s\000\040\000p\000o\000r\000\040\000p\000a\000\355\000s\000\040\000\050\000v\000i\000a\000\040\000b\000a\000r\000p\000l\000o\000t\000\051}{section*.4}% 6
\BOOKMARK [2][-]{section*.7}{\376\377\000G\000r\000\341\000f\000i\000c\000o\000\040\000d\000e\000\040\000c\000a\000n\000t\000i\000d\000a\000d\000\040\000d\000e\000\040\000c\000a\000s\000o\000s\000\040\000p\000o\000r\000\040\000p\000a\000\355\000s\000\040\000\050\000v\000i\000a\000\040\000g\000g\000p\000l\000o\000t\000\051}{section*.4}% 7
\BOOKMARK [2][-]{section*.8}{\376\377\000C\000a\000n\000t\000i\000d\000a\000d\000\040\000d\000e\000\040\000e\000s\000c\000u\000e\000l\000a\000s\000\040\000p\000o\000r\000\040\000p\000a\000\355\000s}{section*.4}% 8
\BOOKMARK [2][-]{section*.9}{\376\377\000G\000r\000\341\000f\000i\000c\000o\000\040\000d\000e\000\040\000c\000a\000n\000t\000i\000d\000a\000d\000\040\000d\000e\000\040\000e\000s\000c\000u\000e\000l\000a\000s\000\040\000p\000o\000r\000\040\000p\000a\000\355\000s\000\040\000\050\000v\000i\000a\000\040\000b\000a\000r\000p\000l\000o\000t\000\051}{section*.4}% 9
\BOOKMARK [2][-]{section*.10}{\376\377\000G\000r\000\341\000f\000i\000c\000o\000\040\000d\000e\000\040\000c\000a\000n\000t\000i\000d\000a\000d\000\040\000d\000e\000\040\000e\000s\000c\000u\000e\000l\000a\000s\000\040\000p\000o\000r\000\040\000p\000a\000\355\000s\000\040\000\050\000v\000i\000a\000\040\000g\000g\000p\000l\000o\000t\000\051}{section*.4}% 10
\BOOKMARK [1][-]{section*.11}{\376\377\000T\000i\000p\000o\000s\000\040\000d\000e\000\040\000c\000l\000u\000s\000t\000e\000r}{}% 11
\BOOKMARK [2][-]{section*.12}{\376\377\000C\000a\000n\000t\000i\000d\000a\000d\000\040\000d\000e\000\040\000e\000s\000c\000u\000e\000l\000a\000s\000\040\000p\000o\000r\000\040\000t\000i\000p\000o\000\040\000e\000n\000\040\000t\000o\000d\000a\000\040\000l\000a\000\040\000m\000u\000e\000s\000t\000r\000a}{section*.11}% 12
\BOOKMARK [2][-]{section*.13}{\376\377\000C\000a\000n\000t\000i\000d\000a\000d\000\040\000d\000e\000\040\000e\000s\000c\000u\000e\000l\000a\000s\000\040\000p\000o\000r\000\040\000t\000i\000p\000o\000\040\000e\000n\000\040\000c\000a\000d\000a\000\040\000p\000a\000\355\000s}{section*.11}% 13
\BOOKMARK [2][-]{section*.14}{\376\377\000C\000a\000n\000t\000i\000d\000a\000d\000\040\000d\000e\000\040\000e\000s\000c\000u\000e\000l\000a\000s\000\040\000p\000o\000r\000\040\000t\000i\000p\000o\000\040\000e\000n\000\040\000c\000a\000d\000a\000\040\000p\000a\000\355\000s\000\040\000e\000n\000\040\000p\000o\000r\000c\000e\000n\000t\000a\000j\000e\000s\000\040\000p\000o\000r\000\040\000p\000a\000\355\000s}{section*.11}% 14
\BOOKMARK [1][-]{section*.15}{\376\377\000D\000a\000t\000o\000s\000\040\000p\000o\000r\000\040\000c\000l\000u\000s\000t\000e\000r}{}% 15
\BOOKMARK [2][-]{section*.16}{\376\377\000P\000r\000e\000p\000a\000r\000a\000r\000\040\000d\000a\000t\000o\000s}{section*.15}% 16
\BOOKMARK [1][-]{section*.17}{\376\377\000D\000i\000s\000t\000r\000i\000b\000u\000c\000i\000o\000n\000e\000s\000\040\000d\000e\000\040\000p\000u\000n\000t\000a\000j\000e\000s\000\040\000d\000e\000\040\000e\000s\000c\000u\000e\000l\000a\000s}{}% 17
\BOOKMARK [2][-]{section*.18}{\376\377\000O\000b\000t\000e\000n\000e\000r\000\040\000d\000a\000t\000o\000s\000\040\000d\000e\000\040\000u\000n\000a\000\040\000e\000s\000c\000u\000e\000l\000a}{section*.17}% 18
\BOOKMARK [1][-]{section*.19}{\376\377\000D\000i\000s\000t\000r\000i\000b\000u\000c\000i\000o\000n\000e\000s\000\040\000d\000e\000\040\000p\000u\000n\000t\000a\000j\000e\000s\000\040\000d\000e\000\040\000e\000s\000c\000u\000e\000l\000a\000s}{}% 19
\BOOKMARK [2][-]{section*.20}{\376\377\000H\000i\000s\000t\000o\000g\000r\000a\000m\000a\000s\000\040\000c\000o\000n\000\040\000B\000a\000s\000e}{section*.19}% 20
\BOOKMARK [2][-]{section*.21}{\376\377\000H\000i\000s\000t\000o\000g\000r\000a\000m\000a\000s\000\040\000c\000o\000n\000\040\000g\000g\000p\000l\000o\000t}{section*.19}% 21
\BOOKMARK [2][-]{section*.22}{\376\377\000H\000i\000s\000t\000o\000g\000r\000a\000m\000a\000s\000\040\000c\000o\000n\000\040\000g\000g\000p\000l\000o\000t}{section*.19}% 22
